<?xml version="1.0" encoding="UTF-8"?>
<!-- Generated by org.testng.reporters.JUnitXMLReporter -->
<testsuite ignored="0" hostname="DESKTOP-4VV88DL" failures="0" tests="2" name="Default test" time="0.123" errors="0" timestamp="2022-11-07T13:18:05 IST">
  <testcase classname="TestNG.VerifyOnlinePayments" name="@BeforeTest launchBrowser" time="-1.667807285246E9">
    <failure type="org.testng.TestNGException" message="
Parameter &amp;apos;browser&amp;apos; is required by BeforeTest on method launchBrowser but has not been marked @Optional or defined
in C:\Users\dell\AppData\Local\Temp\testng-eclipse-282079646\testng-customsuite.xml">
      <![CDATA[org.testng.TestNGException: 
Parameter 'browser' is required by BeforeTest on method launchBrowser but has not been marked @Optional or defined
in C:\Users\dell\AppData\Local\Temp\testng-eclipse-282079646\testng-customsuite.xml
at org.testng.internal.Parameters.createParams(Parameters.java:270)
at org.testng.internal.Parameters.createParametersForMethod(Parameters.java:358)
at org.testng.internal.Parameters.createParameters(Parameters.java:700)
at org.testng.internal.Parameters.createConfigurationParameters(Parameters.java:168)
at org.testng.internal.ConfigInvoker.invokeConfigurations(ConfigInvoker.java:302)
at org.testng.TestRunner.invokeTestConfigurations(TestRunner.java:637)
at org.testng.TestRunner.beforeRun(TestRunner.java:627)
at org.testng.TestRunner.run(TestRunner.java:589)
at org.testng.SuiteRunner.runTest(SuiteRunner.java:377)
at org.testng.SuiteRunner.runSequentially(SuiteRunner.java:371)
at org.testng.SuiteRunner.privateRun(SuiteRunner.java:332)
at org.testng.SuiteRunner.run(SuiteRunner.java:276)
at org.testng.SuiteRunnerWorker.runSuite(SuiteRunnerWorker.java:53)
at org.testng.SuiteRunnerWorker.run(SuiteRunnerWorker.java:96)
at org.testng.TestNG.runSuitesSequentially(TestNG.java:1212)
at org.testng.TestNG.runSuitesLocally(TestNG.java:1134)
at org.testng.TestNG.runSuites(TestNG.java:1063)
at org.testng.TestNG.run(TestNG.java:1031)
at org.testng.remote.AbstractRemoteTestNG.run(AbstractRemoteTestNG.java:115)
at org.testng.remote.RemoteTestNG.initAndRun(RemoteTestNG.java:251)
at org.testng.remote.RemoteTestNG.main(RemoteTestNG.java:77)
]]>
    </failure>
  </testcase> <!-- @BeforeTest launchBrowser -->
  <testcase classname="TestNG.VerifyOnlinePayments" name="@BeforeClass createPOMbjects" time="-1.667807285302E9">
    <skipped/>
  </testcase> <!-- @BeforeClass createPOMbjects -->
  <testcase classname="TestNG.VerifyOnlinePayments" name="@BeforeMethod logintoPaytmApplication" time="-1.667807285324E9">
    <skipped/>
  </testcase> <!-- @BeforeMethod logintoPaytmApplication -->
  <testcase classname="TestNG.VerifyOnlinePayments" name="@AfterMethod logoutFromApplication" time="-1.667807285334E9">
    <skipped/>
  </testcase> <!-- @AfterMethod logoutFromApplication -->
  <testcase classname="TestNG.VerifyOnlinePayments" name="@BeforeMethod logintoPaytmApplication" time="-1.667807285339E9">
    <skipped/>
  </testcase> <!-- @BeforeMethod logintoPaytmApplication -->
  <testcase classname="TestNG.VerifyOnlinePayments" name="@AfterMethod logoutFromApplication" time="-1.667807285348E9">
    <skipped/>
  </testcase> <!-- @AfterMethod logoutFromApplication -->
  <testcase classname="TestNG.VerifyOnlinePayments" name="@AfterClass clearObjects" time="-1.667807285355E9">
    <skipped/>
  </testcase> <!-- @AfterClass clearObjects -->
  <testcase classname="TestNG.VerifyOnlinePayments" name="@AfterTest closeBrowser" time="-1.667807285357E9">
    <skipped/>
  </testcase> <!-- @AfterTest closeBrowser -->
  <testcase classname="TestNG.VerifyOnlinePayments" name="verifyMobileRechargePayment" time="0.0">
    <skipped/>
  </testcase> <!-- verifyMobileRechargePayment -->
  <testcase classname="TestNG.VerifyOnlinePayments" name="verifyElectricityBillPayment" time="0.0">
    <skipped/>
  </testcase> <!-- verifyElectricityBillPayment -->
</testsuite> <!-- Default test -->
